<?xml version="1.0" encoding="UTF-8" ?>
<testsuite tests="3" failures="0" name="TestSuite" time="15.039" errors="0" skipped="0">
  <properties>
    <property name="java.runtime.name" value="Java(TM) SE Runtime Environment"/>
    <property name="java.vm.version" value="17.0.10+11-LTS-240"/>
    <property name="sun.boot.library.path" value="C:\Program Files\Java\jdk-17\bin"/>
    <property name="maven.multiModuleProjectDirectory" value="D:\Learning\OtherLearn\selenium\selenium_java"/>
    <property name="java.vm.vendor" value="Oracle Corporation"/>
    <property name="java.vendor.url" value="https://java.oracle.com/"/>
    <property name="guice.disable.misplaced.annotation.check" value="true"/>
    <property name="path.separator" value=";"/>
    <property name="java.vm.name" value="Java HotSpot(TM) 64-Bit Server VM"/>
    <property name="sun.os.patch.level" value=""/>
    <property name="user.script" value=""/>
    <property name="user.country" value="US"/>
    <property name="sun.java.launcher" value="SUN_STANDARD"/>
    <property name="java.vm.specification.name" value="Java Virtual Machine Specification"/>
    <property name="user.dir" value="D:\Learning\OtherLearn\selenium\selenium_java"/>
    <property name="java.vm.compressedOopsMode" value="Zero based"/>
    <property name="java.runtime.version" value="17.0.10+11-LTS-240"/>
    <property name="os.arch" value="amd64"/>
    <property name="java.io.tmpdir" value="C:\Users\sunsa\AppData\Local\Temp\"/>
    <property name="line.separator" value="
"/>
    <property name="java.vm.specification.vendor" value="Oracle Corporation"/>
    <property name="user.variant" value=""/>
    <property name="os.name" value="Windows 11"/>
    <property name="classworlds.conf" value="C:\apache-maven-3.8.8\bin\m2.conf"/>
    <property name="sun.jnu.encoding" value="Cp1252"/>
    <property name="java.library.path" value="C:\Program Files\Java\jdk-17\bin;C:\WINDOWS\Sun\Java\bin;C:\WINDOWS\system32;C:\WINDOWS;D:/Learning/Springboot/sts-4.22.0.RELEASE//plugins/org.eclipse.justj.openjdk.hotspot.jre.full.win32.x86_64_17.0.10.v20240120-1143/jre/bin/server;D:/Learning/Springboot/sts-4.22.0.RELEASE//plugins/org.eclipse.justj.openjdk.hotspot.jre.full.win32.x86_64_17.0.10.v20240120-1143/jre/bin;C:\Program Files (x86)\VMware\VMware Workstation\bin\;C:\Program Files\Common Files\Oracle\Java\javapath;D:\Learning\Flutter\flutter_windows_3.16.0-stable\flutter\bin;C:\WINDOWS\system32;C:\WINDOWS;C:\WINDOWS\System32\Wbem;C:\WINDOWS\System32\WindowsPowerShell\v1.0\;C:\WINDOWS\System32\OpenSSH\;C:\ProgramData\chocolatey\bin;C:\Program Files\Git\cmd;C:\Users\sunsa\AppData\Roaming\nvm;C:\Program Files\nodejs;C:\Users\sunsa\AppData\Local\Programs\Python\Python311\Scripts\;C:\Users\sunsa\AppData\Local\Programs\Python\Python311\;C:\Users\sunsa\AppData\Local\Microsoft\WindowsApps;C:\Users\sunsa\AppData\Local\Programs\Microsoft VS Code\bin;C:\Program Files\Java\jdk-11\bin\;C:\Users\sunsa\AppData\Local\Android\Sdk\build-tools\;C:\Users\sunsa\AppData\Local\Android\Sdk\platforms\;C:\Users\sunsa\AppData\Local\Android\Sdk\platform-tools\;C:\Users\sunsa\AppData\Local\Android\Sdk\tools\;C:\Users\sunsa\AppData\Local\Programs\Python\Python311\Lib;C:\Program Files\JetBrains\PyCharm 2024.1\bin;;C:\Users\sunsa\AppData\Roaming\npm;C:\Users\sunsa\AppData\Roaming\npm\node_modules;C:\Users\sunsa\AppData\Roaming\npm\node_modules\appium\;C:\Users\sunsa\AppData\Roaming\npm\node_modules\appium\scripts\;C:\Users\sunsa\AppData\Roaming\npm\node_modules\appium-doctor\;C:\Users\sunsa\AppData\Local\Android\Sdk\tools\bin\;D:\work\automation\wingbank-mobile-automate\lib\;C:\Users\sunsa\AppData\Local\Android\Sdk\emulator;C:\Program Files\Git\bin;C:\apache-maven-3.8.8\bin;C:\xampp\mysql\bin;C:\Users\sunsa\AppData\Local\GitHubDesktop\bin;C:\gradle-8.9\bin;C:\Users\sunsa\AppData\Roaming\nvm;C:\Program Files\nodejs;C:\tools\dart-sdk\bin;C:\Users\sunsa\AppData\Local\Pub\Cache\bin;C:\ProgramData\chocolatey\bin;;D:\Learning\Springboot\sts-4.22.0.RELEASE;;."/>
    <property name="maven.conf" value="C:\apache-maven-3.8.8/conf"/>
    <property name="jdk.debug" value="release"/>
    <property name="java.class.version" value="61.0"/>
    <property name="java.specification.name" value="Java Platform API Specification"/>
    <property name="sun.management.compiler" value="HotSpot 64-Bit Tiered Compilers"/>
    <property name="os.version" value="10.0"/>
    <property name="library.jansi.path" value="C:\apache-maven-3.8.8\lib\jansi-native"/>
    <property name="user.home" value="C:\Users\sunsa"/>
    <property name="user.timezone" value="Asia/Bangkok"/>
    <property name="file.encoding" value="Cp1252"/>
    <property name="java.specification.version" value="17"/>
    <property name="user.name" value="sunsa"/>
    <property name="java.class.path" value="C:\apache-maven-3.8.8\boot\plexus-classworlds-2.6.0.jar"/>
    <property name="java.vm.specification.version" value="17"/>
    <property name="sun.arch.data.model" value="64"/>
    <property name="sun.java.command" value="org.codehaus.plexus.classworlds.launcher.Launcher clean install"/>
    <property name="java.home" value="C:\Program Files\Java\jdk-17"/>
    <property name="user.language" value="en"/>
    <property name="java.specification.vendor" value="Oracle Corporation"/>
    <property name="java.vm.info" value="mixed mode, sharing"/>
    <property name="java.version" value="17.0.10"/>
    <property name="native.encoding" value="Cp1252"/>
    <property name="java.vendor" value="Oracle Corporation"/>
    <property name="sun.stderr.encoding" value="cp437"/>
    <property name="maven.home" value="C:\apache-maven-3.8.8"/>
    <property name="file.separator" value="\"/>
    <property name="java.version.date" value="2024-01-16"/>
    <property name="java.vendor.url.bug" value="https://bugreport.java.com/bugreport/"/>
    <property name="sun.io.unicode.encoding" value="UnicodeLittle"/>
    <property name="sun.cpu.endian" value="little"/>
    <property name="sun.stdout.encoding" value="cp437"/>
    <property name="sun.cpu.isalist" value="amd64"/>
  </properties>
  <testcase classname="test1.TestNg_Demo" name="google_Search" time="7.52"/>
  <testcase classname="test1.TestNg_Demo2" name="google_Search20" time="3.993"/>
  <testcase classname="test1.TestNg_Demo2" name="google_Search3" time="3.526"/>
</testsuite>