<?xml version="1.0" encoding="UTF-8"?>
<!-- Generated by org.testng.reporters.JUnitReportReporter -->
<testsuite hostname="DESKTOP-BG0G3RF" failures="0" tests="3" name="testNgPrioritize.TestNgPriorityDemo" time="0.009" errors="0" timestamp="2024-11-14T12:46:35 ICT" skipped="0">
  <testcase classname="testNgPrioritize.TestNgPriorityDemo" name="test3" time="0.007"/>
  <testcase classname="testNgPrioritize.TestNgPriorityDemo" name="test2" time="0.001"/>
  <testcase classname="testNgPrioritize.TestNgPriorityDemo" name="test1" time="0.001"/>
</testsuite> <!-- testNgPrioritize.TestNgPriorityDemo -->
