<?xml version="1.0" encoding="UTF-8"?>
<!-- Generated by org.testng.reporters.JUnitReportReporter -->
<testsuite hostname="DESKTOP-BG0G3RF" failures="0" tests="1" name="test1.ExtentReportTestNg" time="7.782" errors="0" timestamp="2024-11-06T20:43:26 ICT" skipped="0">
  <testcase classname="test1.ExtentReportTestNg" name="test1" time="7.782"/>
</testsuite> <!-- test1.ExtentReportTestNg -->
