<?xml version="1.0" encoding="UTF-8"?>
<!-- Generated by org.testng.reporters.JUnitReportReporter -->
<testsuite hostname="DESKTOP-BG0G3RF" failures="0" tests="3" name="testNgPrioritize.TestNgDependenDemo" time="0.013" errors="0" timestamp="2024-11-14T14:53:15 ICT" skipped="0">
  <testcase classname="testNgPrioritize.TestNgDependenDemo" name="test2" time="0.011"/>
  <testcase classname="testNgPrioritize.TestNgDependenDemo" name="test3" time="0.001"/>
  <testcase classname="testNgPrioritize.TestNgDependenDemo" name="test1" time="0.001"/>
</testsuite> <!-- testNgPrioritize.TestNgDependenDemo -->
