<?xml version="1.0" encoding="UTF-8"?>
<!-- Generated by org.testng.reporters.JUnitReportReporter -->
<testsuite hostname="DESKTOP-BG0G3RF" failures="0" tests="3" name="listeners.TestNgListenerDemo" time="8.314" errors="0" timestamp="2024-11-16T11:16:39 ICT" skipped="1">
  <testcase classname="listeners.TestNgListenerDemo" name="Test3" time="0.002">
    <skipped/>
  </testcase> <!-- Test3 -->
  <testcase classname="listeners.TestNgListenerDemo" name="Test2" time="8.305"/>
  <testcase classname="listeners.TestNgListenerDemo" name="Test1" time="0.007"/>
</testsuite> <!-- listeners.TestNgListenerDemo -->
