<?xml version="1.0" encoding="UTF-8"?>
<!-- Generated by org.testng.reporters.JUnitReportReporter -->
<testsuite hostname="DESKTOP-BG0G3RF" failures="0" tests="3" name="listeners.TestNgListenerDemo" time="9.638" errors="0" timestamp="2024-11-14T15:45:44 ICT" skipped="1">
  <testcase classname="listeners.TestNgListenerDemo" name="Test1" time="0.007"/>
  <testcase classname="listeners.TestNgListenerDemo" name="Test3" time="0.001">
    <skipped/>
  </testcase> <!-- Test3 -->
  <testcase classname="listeners.TestNgListenerDemo" name="Test2" time="9.630"/>
</testsuite> <!-- listeners.TestNgListenerDemo -->
