<?xml version="1.0" encoding="UTF-8"?>
<!-- Generated by org.testng.reporters.JUnitReportReporter -->
<testsuite hostname="DESKTOP-BG0G3RF" failures="0" tests="2" name="understandinglevel.TestClass1" time="0.006" errors="0" timestamp="2024-11-14T22:45:44 ICT" skipped="0">
  <testcase classname="understandinglevel.TestClass1" name="testMethod1" time="0.004"/>
  <testcase classname="understandinglevel.TestClass1" name="testMethod2" time="0.002"/>
</testsuite> <!-- understandinglevel.TestClass1 -->
