<?xml version="1.0" encoding="UTF-8"?>
<!-- Generated by org.testng.reporters.JUnitReportReporter -->
<testsuite hostname="DESKTOP-BG0G3RF" failures="0" tests="1" name="test1.ExtentReportTestNg" time="3.826" errors="0" timestamp="2024-11-09T14:12:54 ICT" skipped="0">
  <testcase classname="test1.ExtentReportTestNg" name="test1" time="3.826"/>
</testsuite> <!-- test1.ExtentReportTestNg -->
