<?xml version="1.0" encoding="UTF-8"?>
<!-- Generated by org.testng.reporters.JUnitReportReporter -->
<testsuite hostname="DESKTOP-BG0G3RF" failures="0" tests="1" name="understandinglevel.TestClass2" time="0.010" errors="0" timestamp="2024-11-14T22:49:17 ICT" skipped="0">
  <testcase classname="understandinglevel.TestClass2" name="testMethod1" time="0.010"/>
</testsuite> <!-- understandinglevel.TestClass2 -->
