<?xml version="1.0" encoding="UTF-8"?>
<!-- Generated by org.testng.reporters.JUnitReportReporter -->
<testsuite hostname="DESKTOP-BG0G3RF" failures="0" tests="1" name="test1.ExtentReportTestNg" time="3.318" errors="0" timestamp="2024-11-08T08:04:57 ICT" skipped="0">
  <testcase classname="test1.ExtentReportTestNg" name="test1" time="3.318"/>
</testsuite> <!-- test1.ExtentReportTestNg -->
