<?xml version="1.0" encoding="UTF-8"?>
<!-- Generated by org.testng.reporters.JUnitReportReporter -->
<testsuite hostname="DESKTOP-BG0G3RF" failures="0" tests="6" name="utility.ExcelDataProvider" time="20.110" errors="0" timestamp="2024-11-14T11:07:50 ICT" skipped="0">
  <testcase classname="utility.ExcelDataProvider" name="test1" time="2.671"/>
  <testcase classname="utility.ExcelDataProvider" name="test1" time="2.768"/>
  <testcase classname="utility.ExcelDataProvider" name="test1" time="2.737"/>
  <testcase classname="utility.ExcelDataProvider" name="test1" time="2.683"/>
  <testcase classname="utility.ExcelDataProvider" name="test1" time="2.679"/>
  <testcase classname="utility.ExcelDataProvider" name="test1" time="6.572"/>
</testsuite> <!-- utility.ExcelDataProvider -->
