<?xml version="1.0" encoding="UTF-8"?>
<!-- Generated by org.testng.reporters.JUnitReportReporter -->
<testsuite hostname="DESKTOP-BG0G3RF" failures="0" tests="1" name="test1.TestNg_Demo" time="12.671" errors="0" timestamp="2024-11-04T23:13:18 ICT" skipped="0">
  <testcase classname="test1.TestNg_Demo" name="google_Search" time="12.671"/>
</testsuite> <!-- test1.TestNg_Demo -->
