<?xml version="1.0" encoding="UTF-8"?>
<!-- Generated by org.testng.reporters.JUnitReportReporter -->
<testsuite hostname="DESKTOP-BG0G3RF" failures="0" tests="1" name="testNgPrioritize.TestNgParameteDemo" time="0.011" errors="0" timestamp="2024-11-14T14:18:41 ICT" skipped="0">
  <testcase classname="testNgPrioritize.TestNgParameteDemo" name="Test" time="0.011"/>
</testsuite> <!-- testNgPrioritize.TestNgParameteDemo -->
