<?xml version="1.0" encoding="UTF-8"?>
<!-- Generated by org.testng.reporters.JUnitReportReporter -->
<testsuite hostname="DESKTOP-BG0G3RF" failures="0" tests="2" name="testNgPrioritize.TestNgIgnore" time="0.009" errors="0" timestamp="2024-11-14T15:01:11 ICT" skipped="1">
  <testcase classname="testNgPrioritize.TestNgIgnore" name="test2" time="0.009"/>
  <testcase classname="testNgPrioritize.TestNgIgnore" name="test1">
    <skipped/>
  </testcase> <!-- test1 -->
</testsuite> <!-- testNgPrioritize.TestNgIgnore -->
