<?xml version="1.0" encoding="UTF-8"?>
<!-- Generated by org.testng.reporters.JUnitReportReporter -->
<testsuite hostname="DESKTOP-BG0G3RF" failures="0" tests="4" name="testNgPrioritize.TestNgGroupDemo" time="0.011" errors="0" timestamp="2024-11-14T14:04:25 ICT" skipped="0">
  <testcase classname="testNgPrioritize.TestNgGroupDemo" name="test3" time="0.001"/>
  <testcase classname="testNgPrioritize.TestNgGroupDemo" name="test2" time="0.002"/>
  <testcase classname="testNgPrioritize.TestNgGroupDemo" name="test4" time="0.002"/>
  <testcase classname="testNgPrioritize.TestNgGroupDemo" name="test1" time="0.006"/>
</testsuite> <!-- testNgPrioritize.TestNgGroupDemo -->
