<?xml version="1.0" encoding="UTF-8"?>
<!-- Generated by org.testng.reporters.JUnitReportReporter -->
<testsuite hostname="DESKTOP-BG0G3RF" failures="0" tests="2" name="test1.TestNg_Demo2" time="7.520" errors="0" timestamp="2024-11-09T11:49:34 ICT" skipped="0">
  <testcase classname="test1.TestNg_Demo2" name="google_Search20" time="3.993"/>
  <testcase classname="test1.TestNg_Demo2" name="google_Search3" time="3.527"/>
</testsuite> <!-- test1.TestNg_Demo2 -->
