<?xml version="1.0" encoding="UTF-8"?>
<!-- Generated by org.testng.reporters.JUnitReportReporter -->
<testsuite hostname="DESKTOP-BG0G3RF" failures="0" tests="2" name="test1.TestNg_Demo2" time="0.000" errors="0" timestamp="2024-11-06T21:27:03 ICT" skipped="2">
  <testcase classname="test1.TestNg_Demo2" name="google_Search3" time="0.000">
    <skipped/>
  </testcase> <!-- google_Search3 -->
  <testcase classname="test1.TestNg_Demo2" name="google_Search20" time="0.000">
    <skipped/>
  </testcase> <!-- google_Search20 -->
</testsuite> <!-- test1.TestNg_Demo2 -->
